01-Jun-2023 19:24:08.835 INFO [main] org.apache.catalina.startup.VersionLoggerListener.log 서버 버전 이름:    Apache Tomcat/9.0.75
01-Jun-2023 19:24:08.840 INFO [main] org.apache.catalina.startup.VersionLoggerListener.log Server 빌드 시각:  May 4 2023 13:04:05 UTC
01-Jun-2023 19:24:08.841 INFO [main] org.apache.catalina.startup.VersionLoggerListener.log Server 버전 번호:  9.0.75.0
01-Jun-2023 19:24:08.841 INFO [main] org.apache.catalina.startup.VersionLoggerListener.log 운영체제 이름:     Windows 10
01-Jun-2023 19:24:08.841 INFO [main] org.apache.catalina.startup.VersionLoggerListener.log 운영체제 버전:     10.0
01-Jun-2023 19:24:08.841 INFO [main] org.apache.catalina.startup.VersionLoggerListener.log 아키텍처:          amd64
01-Jun-2023 19:24:08.841 INFO [main] org.apache.catalina.startup.VersionLoggerListener.log 자바 홈:           C:\Program Files\Java\jdk-17
01-Jun-2023 19:24:08.842 INFO [main] org.apache.catalina.startup.VersionLoggerListener.log JVM 버전:          17.0.7+8-LTS-224
01-Jun-2023 19:24:08.842 INFO [main] org.apache.catalina.startup.VersionLoggerListener.log JVM 벤더:          Oracle Corporation
01-Jun-2023 19:24:08.842 INFO [main] org.apache.catalina.startup.VersionLoggerListener.log CATALINA_BASE:     C:\JSP\apache-tomcat-9.0.75-windows-x64 (2)\apache-tomcat-9.0.75
01-Jun-2023 19:24:08.842 INFO [main] org.apache.catalina.startup.VersionLoggerListener.log CATALINA_HOME:     C:\JSP\apache-tomcat-9.0.75-windows-x64 (2)\apache-tomcat-9.0.75
01-Jun-2023 19:24:08.862 INFO [main] org.apache.catalina.startup.VersionLoggerListener.log 명령 행 아규먼트:  --add-opens=java.base/java.lang=ALL-UNNAMED
01-Jun-2023 19:24:08.862 INFO [main] org.apache.catalina.startup.VersionLoggerListener.log 명령 행 아규먼트:  --add-opens=java.base/java.io=ALL-UNNAMED
01-Jun-2023 19:24:08.867 INFO [main] org.apache.catalina.startup.VersionLoggerListener.log 명령 행 아규먼트:  --add-opens=java.base/java.util=ALL-UNNAMED
01-Jun-2023 19:24:08.868 INFO [main] org.apache.catalina.startup.VersionLoggerListener.log 명령 행 아규먼트:  --add-opens=java.base/java.util.concurrent=ALL-UNNAMED
01-Jun-2023 19:24:08.868 INFO [main] org.apache.catalina.startup.VersionLoggerListener.log 명령 행 아규먼트:  --add-opens=java.rmi/sun.rmi.transport=ALL-UNNAMED
01-Jun-2023 19:24:08.868 INFO [main] org.apache.catalina.startup.VersionLoggerListener.log 명령 행 아규먼트:  -Djava.util.logging.config.file=C:\JSP\apache-tomcat-9.0.75-windows-x64 (2)\apache-tomcat-9.0.75\conf\logging.properties
01-Jun-2023 19:24:08.869 INFO [main] org.apache.catalina.startup.VersionLoggerListener.log 명령 행 아규먼트:  -Djava.util.logging.manager=org.apache.juli.ClassLoaderLogManager
01-Jun-2023 19:24:08.869 INFO [main] org.apache.catalina.startup.VersionLoggerListener.log 명령 행 아규먼트:  -Djdk.tls.ephemeralDHKeySize=2048
01-Jun-2023 19:24:08.870 INFO [main] org.apache.catalina.startup.VersionLoggerListener.log 명령 행 아규먼트:  -Djava.protocol.handler.pkgs=org.apache.catalina.webresources
01-Jun-2023 19:24:08.870 INFO [main] org.apache.catalina.startup.VersionLoggerListener.log 명령 행 아규먼트:  -Dignore.endorsed.dirs=
01-Jun-2023 19:24:08.870 INFO [main] org.apache.catalina.startup.VersionLoggerListener.log 명령 행 아규먼트:  -Dcatalina.base=C:\JSP\apache-tomcat-9.0.75-windows-x64 (2)\apache-tomcat-9.0.75
01-Jun-2023 19:24:08.871 INFO [main] org.apache.catalina.startup.VersionLoggerListener.log 명령 행 아규먼트:  -Dcatalina.home=C:\JSP\apache-tomcat-9.0.75-windows-x64 (2)\apache-tomcat-9.0.75
01-Jun-2023 19:24:08.871 INFO [main] org.apache.catalina.startup.VersionLoggerListener.log 명령 행 아규먼트:  -Djava.io.tmpdir=C:\JSP\apache-tomcat-9.0.75-windows-x64 (2)\apache-tomcat-9.0.75\temp
01-Jun-2023 19:24:08.875 INFO [main] org.apache.catalina.core.AprLifecycleListener.lifecycleEvent APR 버전 [1.7.2]을(를) 사용한, APR 기반 Apache Tomcat Native 라이브러리 [1.2.36]을(를) 로드했습니다.
01-Jun-2023 19:24:08.876 INFO [main] org.apache.catalina.core.AprLifecycleListener.lifecycleEvent APR 용량정보들: IPv6 [true], sendfile [true], accept filters [false], random [true], UDS [true].
01-Jun-2023 19:24:08.876 INFO [main] org.apache.catalina.core.AprLifecycleListener.lifecycleEvent APR/OpenSSL 설정: useAprConnector [false], useOpenSSL [true]
01-Jun-2023 19:24:08.883 INFO [main] org.apache.catalina.core.AprLifecycleListener.initializeSSL OpenSSL이 성공적으로 초기화되었습니다: [OpenSSL 1.1.1t  7 Feb 2023]
01-Jun-2023 19:24:09.184 INFO [main] org.apache.coyote.AbstractProtocol.init 프로토콜 핸들러 ["http-nio-8080"]을(를) 초기화합니다.
01-Jun-2023 19:24:09.206 SEVERE [main] org.apache.catalina.util.LifecycleBase.handleSubClassException 구성요소 [Connector[HTTP/1.1-8080]]을(를) 초기화하지 못했습니다.
	org.apache.catalina.LifecycleException: 프로토콜 핸들러 초기화가 실패했습니다.
		at org.apache.catalina.connector.Connector.initInternal(Connector.java:1014)
		at org.apache.catalina.util.LifecycleBase.init(LifecycleBase.java:136)
		at org.apache.catalina.core.StandardService.initInternal(StandardService.java:549)
		at org.apache.catalina.util.LifecycleBase.init(LifecycleBase.java:136)
		at org.apache.catalina.core.StandardServer.initInternal(StandardServer.java:1028)
		at org.apache.catalina.util.LifecycleBase.init(LifecycleBase.java:136)
		at org.apache.catalina.startup.Catalina.load(Catalina.java:724)
		at org.apache.catalina.startup.Catalina.load(Catalina.java:746)
		at java.base/jdk.internal.reflect.NativeMethodAccessorImpl.invoke0(Native Method)
		at java.base/jdk.internal.reflect.NativeMethodAccessorImpl.invoke(NativeMethodAccessorImpl.java:77)
		at java.base/jdk.internal.reflect.DelegatingMethodAccessorImpl.invoke(DelegatingMethodAccessorImpl.java:43)
		at java.base/java.lang.reflect.Method.invoke(Method.java:568)
		at org.apache.catalina.startup.Bootstrap.load(Bootstrap.java:307)
		at org.apache.catalina.startup.Bootstrap.main(Bootstrap.java:477)
	Caused by: java.net.BindException: Address already in use: bind
		at java.base/sun.nio.ch.Net.bind0(Native Method)
		at java.base/sun.nio.ch.Net.bind(Net.java:555)
		at java.base/sun.nio.ch.ServerSocketChannelImpl.netBind(ServerSocketChannelImpl.java:337)
		at java.base/sun.nio.ch.ServerSocketChannelImpl.bind(ServerSocketChannelImpl.java:294)
		at org.apache.tomcat.util.net.NioEndpoint.initServerSocket(NioEndpoint.java:276)
		at org.apache.tomcat.util.net.NioEndpoint.bind(NioEndpoint.java:231)
		at org.apache.tomcat.util.net.AbstractEndpoint.bindWithCleanup(AbstractEndpoint.java:1302)
		at org.apache.tomcat.util.net.AbstractEndpoint.init(AbstractEndpoint.java:1315)
		at org.apache.coyote.AbstractProtocol.init(AbstractProtocol.java:652)
		at org.apache.coyote.http11.AbstractHttp11Protocol.init(AbstractHttp11Protocol.java:75)
		at org.apache.catalina.connector.Connector.initInternal(Connector.java:1012)
		... 13 more
01-Jun-2023 19:24:09.208 INFO [main] org.apache.catalina.startup.Catalina.load [601] 밀리초 내에 서버가 초기화되었습니다.
01-Jun-2023 19:24:09.256 INFO [main] org.apache.catalina.core.StandardService.startInternal 서비스 [Catalina]을(를) 시작합니다.
01-Jun-2023 19:24:09.258 INFO [main] org.apache.catalina.core.StandardEngine.startInternal 서버 엔진을 시작합니다: [Apache Tomcat/9.0.75]
01-Jun-2023 19:24:09.267 INFO [main] org.apache.catalina.startup.HostConfig.deployDescriptor 배치 descriptor [C:\JSP\apache-tomcat-9.0.75-windows-x64 (2)\apache-tomcat-9.0.75\conf\Catalina\localhost\BBS.xml]을(를) 배치합니다.
01-Jun-2023 19:24:09.282 WARNING [main] org.apache.catalina.startup.HostConfig.deployDescriptor 배치 descriptor [C:\JSP\apache-tomcat-9.0.75-windows-x64 (2)\apache-tomcat-9.0.75\conf\Catalina\localhost\BBS.xml] 내에서, [/BBS] 값을 가진 path 속성은 무시됩니다.
01-Jun-2023 19:24:10.097 INFO [main] org.apache.jasper.servlet.TldScanner.scanJars 적어도 하나의 JAR가 TLD들을 찾기 위해 스캔되었으나 아무 것도 찾지 못했습니다. 스캔했으나 TLD가 없는 JAR들의 전체 목록을 보시려면, 로그 레벨을 디버그 레벨로 설정하십시오. 스캔 과정에서 불필요한 JAR들을 건너뛰면, 시스템 시작 시간과 JSP 컴파일 시간을 단축시킬 수 있습니다.
01-Jun-2023 19:24:10.208 INFO [main] org.apache.catalina.startup.HostConfig.deployDescriptor 배치 descriptor [C:\JSP\apache-tomcat-9.0.75-windows-x64 (2)\apache-tomcat-9.0.75\conf\Catalina\localhost\BBS.xml]의 배치가 [938] 밀리초 내에 완료되었습니다.
01-Jun-2023 19:24:10.209 INFO [main] org.apache.catalina.startup.HostConfig.deployDescriptor 배치 descriptor [C:\JSP\apache-tomcat-9.0.75-windows-x64 (2)\apache-tomcat-9.0.75\conf\Catalina\localhost\File_Upload.xml]을(를) 배치합니다.
01-Jun-2023 19:24:10.211 WARNING [main] org.apache.catalina.startup.HostConfig.deployDescriptor 배치 descriptor [C:\JSP\apache-tomcat-9.0.75-windows-x64 (2)\apache-tomcat-9.0.75\conf\Catalina\localhost\File_Upload.xml] 내에서, [/File_Upload] 값을 가진 path 속성은 무시됩니다.
01-Jun-2023 19:24:10.277 INFO [main] org.apache.jasper.servlet.TldScanner.scanJars 적어도 하나의 JAR가 TLD들을 찾기 위해 스캔되었으나 아무 것도 찾지 못했습니다. 스캔했으나 TLD가 없는 JAR들의 전체 목록을 보시려면, 로그 레벨을 디버그 레벨로 설정하십시오. 스캔 과정에서 불필요한 JAR들을 건너뛰면, 시스템 시작 시간과 JSP 컴파일 시간을 단축시킬 수 있습니다.
01-Jun-2023 19:24:10.283 INFO [main] org.apache.catalina.startup.HostConfig.deployDescriptor 배치 descriptor [C:\JSP\apache-tomcat-9.0.75-windows-x64 (2)\apache-tomcat-9.0.75\conf\Catalina\localhost\File_Upload.xml]의 배치가 [74] 밀리초 내에 완료되었습니다.
01-Jun-2023 19:24:10.284 INFO [main] org.apache.catalina.startup.HostConfig.deployDirectory 웹 애플리케이션 디렉토리 [C:\JSP\apache-tomcat-9.0.75-windows-x64 (2)\apache-tomcat-9.0.75\webapps\docs]을(를) 배치합니다.
01-Jun-2023 19:24:10.329 INFO [main] org.apache.catalina.startup.HostConfig.deployDirectory 웹 애플리케이션 디렉토리 [C:\JSP\apache-tomcat-9.0.75-windows-x64 (2)\apache-tomcat-9.0.75\webapps\docs]에 대한 배치가 [45] 밀리초에 완료되었습니다.
01-Jun-2023 19:24:10.331 INFO [main] org.apache.catalina.startup.HostConfig.deployDirectory 웹 애플리케이션 디렉토리 [C:\JSP\apache-tomcat-9.0.75-windows-x64 (2)\apache-tomcat-9.0.75\webapps\examples]을(를) 배치합니다.
01-Jun-2023 19:24:10.815 INFO [main] org.apache.catalina.startup.HostConfig.deployDirectory 웹 애플리케이션 디렉토리 [C:\JSP\apache-tomcat-9.0.75-windows-x64 (2)\apache-tomcat-9.0.75\webapps\examples]에 대한 배치가 [484] 밀리초에 완료되었습니다.
01-Jun-2023 19:24:10.816 INFO [main] org.apache.catalina.startup.HostConfig.deployDirectory 웹 애플리케이션 디렉토리 [C:\JSP\apache-tomcat-9.0.75-windows-x64 (2)\apache-tomcat-9.0.75\webapps\host-manager]을(를) 배치합니다.
01-Jun-2023 19:24:10.867 INFO [main] org.apache.catalina.startup.HostConfig.deployDirectory 웹 애플리케이션 디렉토리 [C:\JSP\apache-tomcat-9.0.75-windows-x64 (2)\apache-tomcat-9.0.75\webapps\host-manager]에 대한 배치가 [50] 밀리초에 완료되었습니다.
01-Jun-2023 19:24:10.868 INFO [main] org.apache.catalina.startup.HostConfig.deployDirectory 웹 애플리케이션 디렉토리 [C:\JSP\apache-tomcat-9.0.75-windows-x64 (2)\apache-tomcat-9.0.75\webapps\manager]을(를) 배치합니다.
01-Jun-2023 19:24:10.921 INFO [main] org.apache.catalina.startup.HostConfig.deployDirectory 웹 애플리케이션 디렉토리 [C:\JSP\apache-tomcat-9.0.75-windows-x64 (2)\apache-tomcat-9.0.75\webapps\manager]에 대한 배치가 [52] 밀리초에 완료되었습니다.
01-Jun-2023 19:24:10.922 INFO [main] org.apache.catalina.startup.HostConfig.deployDirectory 웹 애플리케이션 디렉토리 [C:\JSP\apache-tomcat-9.0.75-windows-x64 (2)\apache-tomcat-9.0.75\webapps\ROOT]을(를) 배치합니다.
01-Jun-2023 19:24:10.957 INFO [main] org.apache.catalina.startup.HostConfig.deployDirectory 웹 애플리케이션 디렉토리 [C:\JSP\apache-tomcat-9.0.75-windows-x64 (2)\apache-tomcat-9.0.75\webapps\ROOT]에 대한 배치가 [35] 밀리초에 완료되었습니다.
01-Jun-2023 19:24:10.962 INFO [main] org.apache.catalina.startup.Catalina.start 서버가 [1751] 밀리초 내에 시작되었습니다.
01-Jun-2023 19:24:10.972 SEVERE [main] org.apache.catalina.core.StandardServer.await 주소 [localhost]와(과) 포트 [8005]에, 서버 셧다운 소켓을 생성하지 못했습니다. (base 포트 [8005], offset [0])
	java.net.BindException: Address already in use: bind
		at java.base/sun.nio.ch.Net.bind0(Native Method)
		at java.base/sun.nio.ch.Net.bind(Net.java:555)
		at java.base/sun.nio.ch.Net.bind(Net.java:544)
		at java.base/sun.nio.ch.NioSocketImpl.bind(NioSocketImpl.java:643)
		at java.base/java.net.ServerSocket.bind(ServerSocket.java:388)
		at java.base/java.net.ServerSocket.<init>(ServerSocket.java:274)
		at org.apache.catalina.core.StandardServer.await(StandardServer.java:580)
		at org.apache.catalina.startup.Catalina.await(Catalina.java:864)
		at org.apache.catalina.startup.Catalina.start(Catalina.java:810)
		at java.base/jdk.internal.reflect.NativeMethodAccessorImpl.invoke0(Native Method)
		at java.base/jdk.internal.reflect.NativeMethodAccessorImpl.invoke(NativeMethodAccessorImpl.java:77)
		at java.base/jdk.internal.reflect.DelegatingMethodAccessorImpl.invoke(DelegatingMethodAccessorImpl.java:43)
		at java.base/java.lang.reflect.Method.invoke(Method.java:568)
		at org.apache.catalina.startup.Bootstrap.start(Bootstrap.java:347)
		at org.apache.catalina.startup.Bootstrap.main(Bootstrap.java:478)
01-Jun-2023 19:24:10.973 INFO [main] org.apache.coyote.AbstractProtocol.pause 프로토콜 핸들러 ["http-nio-8080"]을(를) 일시 정지 중
01-Jun-2023 19:24:10.974 INFO [main] org.apache.catalina.core.StandardService.stopInternal 서비스 [Catalina]을(를) 중지시킵니다.
01-Jun-2023 19:24:10.999 INFO [main] org.apache.coyote.AbstractProtocol.stop 프로토콜 핸들러 ["http-nio-8080"]을(를) 중지시킵니다.
01-Jun-2023 19:24:11.002 INFO [main] org.apache.coyote.AbstractProtocol.destroy 프로토콜 핸들러 ["http-nio-8080"]을(를) 소멸시킵니다.
