31-May-2023 12:21:51.485 INFO [main] org.apache.catalina.startup.VersionLoggerListener.log 서버 버전 이름:    Apache Tomcat/9.0.75
31-May-2023 12:21:51.489 INFO [main] org.apache.catalina.startup.VersionLoggerListener.log Server 빌드 시각:  May 4 2023 13:04:05 UTC
31-May-2023 12:21:51.489 INFO [main] org.apache.catalina.startup.VersionLoggerListener.log Server 버전 번호:  9.0.75.0
31-May-2023 12:21:51.489 INFO [main] org.apache.catalina.startup.VersionLoggerListener.log 운영체제 이름:     Windows 10
31-May-2023 12:21:51.489 INFO [main] org.apache.catalina.startup.VersionLoggerListener.log 운영체제 버전:     10.0
31-May-2023 12:21:51.490 INFO [main] org.apache.catalina.startup.VersionLoggerListener.log 아키텍처:          amd64
31-May-2023 12:21:51.490 INFO [main] org.apache.catalina.startup.VersionLoggerListener.log 자바 홈:           C:\Program Files\Java\jdk-17
31-May-2023 12:21:51.490 INFO [main] org.apache.catalina.startup.VersionLoggerListener.log JVM 버전:          17.0.7+8-LTS-224
31-May-2023 12:21:51.490 INFO [main] org.apache.catalina.startup.VersionLoggerListener.log JVM 벤더:          Oracle Corporation
31-May-2023 12:21:51.490 INFO [main] org.apache.catalina.startup.VersionLoggerListener.log CATALINA_BASE:     C:\JSP\apache-tomcat-9.0.75-windows-x64 (2)\apache-tomcat-9.0.75
31-May-2023 12:21:51.490 INFO [main] org.apache.catalina.startup.VersionLoggerListener.log CATALINA_HOME:     C:\JSP\apache-tomcat-9.0.75-windows-x64 (2)\apache-tomcat-9.0.75
31-May-2023 12:21:51.500 INFO [main] org.apache.catalina.startup.VersionLoggerListener.log 명령 행 아규먼트:  --add-opens=java.base/java.lang=ALL-UNNAMED
31-May-2023 12:21:51.501 INFO [main] org.apache.catalina.startup.VersionLoggerListener.log 명령 행 아규먼트:  --add-opens=java.base/java.io=ALL-UNNAMED
31-May-2023 12:21:51.501 INFO [main] org.apache.catalina.startup.VersionLoggerListener.log 명령 행 아규먼트:  --add-opens=java.base/java.util=ALL-UNNAMED
31-May-2023 12:21:51.502 INFO [main] org.apache.catalina.startup.VersionLoggerListener.log 명령 행 아규먼트:  --add-opens=java.base/java.util.concurrent=ALL-UNNAMED
31-May-2023 12:21:51.502 INFO [main] org.apache.catalina.startup.VersionLoggerListener.log 명령 행 아규먼트:  --add-opens=java.rmi/sun.rmi.transport=ALL-UNNAMED
31-May-2023 12:21:51.503 INFO [main] org.apache.catalina.startup.VersionLoggerListener.log 명령 행 아규먼트:  -Djava.util.logging.config.file=C:\JSP\apache-tomcat-9.0.75-windows-x64 (2)\apache-tomcat-9.0.75\conf\logging.properties
31-May-2023 12:21:51.503 INFO [main] org.apache.catalina.startup.VersionLoggerListener.log 명령 행 아규먼트:  -Djava.util.logging.manager=org.apache.juli.ClassLoaderLogManager
31-May-2023 12:21:51.504 INFO [main] org.apache.catalina.startup.VersionLoggerListener.log 명령 행 아규먼트:  -Djdk.tls.ephemeralDHKeySize=2048
31-May-2023 12:21:51.504 INFO [main] org.apache.catalina.startup.VersionLoggerListener.log 명령 행 아규먼트:  -Djava.protocol.handler.pkgs=org.apache.catalina.webresources
31-May-2023 12:21:51.504 INFO [main] org.apache.catalina.startup.VersionLoggerListener.log 명령 행 아규먼트:  -Dignore.endorsed.dirs=
31-May-2023 12:21:51.505 INFO [main] org.apache.catalina.startup.VersionLoggerListener.log 명령 행 아규먼트:  -Dcatalina.base=C:\JSP\apache-tomcat-9.0.75-windows-x64 (2)\apache-tomcat-9.0.75
31-May-2023 12:21:51.505 INFO [main] org.apache.catalina.startup.VersionLoggerListener.log 명령 행 아규먼트:  -Dcatalina.home=C:\JSP\apache-tomcat-9.0.75-windows-x64 (2)\apache-tomcat-9.0.75
31-May-2023 12:21:51.506 INFO [main] org.apache.catalina.startup.VersionLoggerListener.log 명령 행 아규먼트:  -Djava.io.tmpdir=C:\JSP\apache-tomcat-9.0.75-windows-x64 (2)\apache-tomcat-9.0.75\temp
31-May-2023 12:21:51.532 INFO [main] org.apache.catalina.core.AprLifecycleListener.lifecycleEvent APR 버전 [1.7.2]을(를) 사용한, APR 기반 Apache Tomcat Native 라이브러리 [1.2.36]을(를) 로드했습니다.
31-May-2023 12:21:51.533 INFO [main] org.apache.catalina.core.AprLifecycleListener.lifecycleEvent APR 용량정보들: IPv6 [true], sendfile [true], accept filters [false], random [true], UDS [true].
31-May-2023 12:21:51.533 INFO [main] org.apache.catalina.core.AprLifecycleListener.lifecycleEvent APR/OpenSSL 설정: useAprConnector [false], useOpenSSL [true]
31-May-2023 12:21:51.540 INFO [main] org.apache.catalina.core.AprLifecycleListener.initializeSSL OpenSSL이 성공적으로 초기화되었습니다: [OpenSSL 1.1.1t  7 Feb 2023]
31-May-2023 12:21:51.771 INFO [main] org.apache.coyote.AbstractProtocol.init 프로토콜 핸들러 ["http-nio-8080"]을(를) 초기화합니다.
31-May-2023 12:21:51.798 INFO [main] org.apache.catalina.startup.Catalina.load [498] 밀리초 내에 서버가 초기화되었습니다.
31-May-2023 12:21:51.837 INFO [main] org.apache.catalina.core.StandardService.startInternal 서비스 [Catalina]을(를) 시작합니다.
31-May-2023 12:21:51.839 INFO [main] org.apache.catalina.core.StandardEngine.startInternal 서버 엔진을 시작합니다: [Apache Tomcat/9.0.75]
31-May-2023 12:21:51.850 INFO [main] org.apache.catalina.startup.HostConfig.deployDirectory 웹 애플리케이션 디렉토리 [C:\JSP\apache-tomcat-9.0.75-windows-x64 (2)\apache-tomcat-9.0.75\webapps\docs]을(를) 배치합니다.
31-May-2023 12:21:52.179 INFO [main] org.apache.catalina.startup.HostConfig.deployDirectory 웹 애플리케이션 디렉토리 [C:\JSP\apache-tomcat-9.0.75-windows-x64 (2)\apache-tomcat-9.0.75\webapps\docs]에 대한 배치가 [326] 밀리초에 완료되었습니다.
31-May-2023 12:21:52.180 INFO [main] org.apache.catalina.startup.HostConfig.deployDirectory 웹 애플리케이션 디렉토리 [C:\JSP\apache-tomcat-9.0.75-windows-x64 (2)\apache-tomcat-9.0.75\webapps\examples]을(를) 배치합니다.
31-May-2023 12:21:52.927 INFO [main] org.apache.catalina.startup.HostConfig.deployDirectory 웹 애플리케이션 디렉토리 [C:\JSP\apache-tomcat-9.0.75-windows-x64 (2)\apache-tomcat-9.0.75\webapps\examples]에 대한 배치가 [747] 밀리초에 완료되었습니다.
31-May-2023 12:21:52.928 INFO [main] org.apache.catalina.startup.HostConfig.deployDirectory 웹 애플리케이션 디렉토리 [C:\JSP\apache-tomcat-9.0.75-windows-x64 (2)\apache-tomcat-9.0.75\webapps\host-manager]을(를) 배치합니다.
31-May-2023 12:21:52.980 INFO [main] org.apache.catalina.startup.HostConfig.deployDirectory 웹 애플리케이션 디렉토리 [C:\JSP\apache-tomcat-9.0.75-windows-x64 (2)\apache-tomcat-9.0.75\webapps\host-manager]에 대한 배치가 [52] 밀리초에 완료되었습니다.
31-May-2023 12:21:52.981 INFO [main] org.apache.catalina.startup.HostConfig.deployDirectory 웹 애플리케이션 디렉토리 [C:\JSP\apache-tomcat-9.0.75-windows-x64 (2)\apache-tomcat-9.0.75\webapps\manager]을(를) 배치합니다.
31-May-2023 12:21:53.033 INFO [main] org.apache.catalina.startup.HostConfig.deployDirectory 웹 애플리케이션 디렉토리 [C:\JSP\apache-tomcat-9.0.75-windows-x64 (2)\apache-tomcat-9.0.75\webapps\manager]에 대한 배치가 [52] 밀리초에 완료되었습니다.
31-May-2023 12:21:53.034 INFO [main] org.apache.catalina.startup.HostConfig.deployDirectory 웹 애플리케이션 디렉토리 [C:\JSP\apache-tomcat-9.0.75-windows-x64 (2)\apache-tomcat-9.0.75\webapps\ROOT]을(를) 배치합니다.
31-May-2023 12:21:53.067 INFO [main] org.apache.catalina.startup.HostConfig.deployDirectory 웹 애플리케이션 디렉토리 [C:\JSP\apache-tomcat-9.0.75-windows-x64 (2)\apache-tomcat-9.0.75\webapps\ROOT]에 대한 배치가 [33] 밀리초에 완료되었습니다.
31-May-2023 12:21:53.072 INFO [main] org.apache.coyote.AbstractProtocol.start 프로토콜 핸들러 ["http-nio-8080"]을(를) 시작합니다.
31-May-2023 12:21:53.131 INFO [main] org.apache.catalina.startup.Catalina.start 서버가 [1332] 밀리초 내에 시작되었습니다.
